2017-07-19 10:13:08 INFO  AnnotationConfigApplicationContext:582 - Refreshing org.springframework.context.annotation.AnnotationConfigApplicationContext@39c92bac: startup date [Wed Jul 19 10:13:08 EEST 2017]; root of context hierarchy
2017-07-19 10:13:09 INFO  AutowiredAnnotationBeanPostProcessor:155 - JSR-330 'javax.inject.Inject' annotation found and supported for autowiring
2017-07-19 10:13:09 INFO  PostProcessorRegistrationDelegate$BeanPostProcessorChecker:325 - Bean 'configurationPropertiesRebinderAutoConfiguration' of type [org.springframework.cloud.autoconfigure.ConfigurationPropertiesRebinderAutoConfiguration$$EnhancerBySpringCGLIB$$4f8491d0] is not eligible for getting processed by all BeanPostProcessors (for example: not eligible for auto-proxying)
2017-07-19 10:13:09 INFO  Version:30 - HV000001: Hibernate Validator 5.3.5.Final
2017-07-19 10:13:09 INFO  UserServiceApplication:637 - No active profile set, falling back to default profiles: default
2017-07-19 10:13:09 INFO  AnnotationConfigEmbeddedWebApplicationContext:582 - Refreshing org.springframework.boot.context.embedded.AnnotationConfigEmbeddedWebApplicationContext@3272cae: startup date [Wed Jul 19 10:13:09 EEST 2017]; parent: org.springframework.context.annotation.AnnotationConfigApplicationContext@39c92bac
2017-07-19 10:13:10 INFO  GenericScope:263 - BeanFactory id=24ba9b7f-9bb0-336d-8db3-16f161281060
2017-07-19 10:13:10 INFO  AutowiredAnnotationBeanPostProcessor:155 - JSR-330 'javax.inject.Inject' annotation found and supported for autowiring
2017-07-19 10:13:11 INFO  PostProcessorRegistrationDelegate$BeanPostProcessorChecker:325 - Bean 'org.springframework.transaction.annotation.ProxyTransactionManagementConfiguration' of type [org.springframework.transaction.annotation.ProxyTransactionManagementConfiguration$$EnhancerBySpringCGLIB$$336a8ed3] is not eligible for getting processed by all BeanPostProcessors (for example: not eligible for auto-proxying)
2017-07-19 10:13:11 INFO  PostProcessorRegistrationDelegate$BeanPostProcessorChecker:325 - Bean 'org.springframework.cloud.autoconfigure.ConfigurationPropertiesRebinderAutoConfiguration' of type [org.springframework.cloud.autoconfigure.ConfigurationPropertiesRebinderAutoConfiguration$$EnhancerBySpringCGLIB$$4f8491d0] is not eligible for getting processed by all BeanPostProcessors (for example: not eligible for auto-proxying)
2017-07-19 10:13:11 INFO  TomcatEmbeddedServletContainer:89 - Tomcat initialized with port(s): 8072 (http)
2017-07-19 10:13:11 INFO  ContextLoader:276 - Root WebApplicationContext: initialization completed in 2031 ms
2017-07-19 10:13:12 INFO  ServletRegistrationBean:190 - Mapping servlet: 'dispatcherServlet' to [/]
2017-07-19 10:13:12 INFO  FilterRegistrationBean:258 - Mapping filter: 'characterEncodingFilter' to: [/*]
2017-07-19 10:13:12 INFO  FilterRegistrationBean:258 - Mapping filter: 'hiddenHttpMethodFilter' to: [/*]
2017-07-19 10:13:12 INFO  FilterRegistrationBean:258 - Mapping filter: 'httpPutFormContentFilter' to: [/*]
2017-07-19 10:13:12 INFO  FilterRegistrationBean:258 - Mapping filter: 'requestContextFilter' to: [/*]
2017-07-19 10:13:12 INFO  HikariDataSource:70 - HikariPool-1 - Started.
2017-07-19 10:13:12 INFO  LocalContainerEntityManagerFactoryBean:349 - Building JPA container EntityManagerFactory for persistence unit 'default'
2017-07-19 10:13:12 INFO  LogHelper:31 - HHH000204: Processing PersistenceUnitInfo [
	name: default
	...]
2017-07-19 10:13:12 INFO  Version:37 - HHH000412: Hibernate Core {5.0.12.Final}
2017-07-19 10:13:12 INFO  Environment:213 - HHH000206: hibernate.properties not found
2017-07-19 10:13:12 INFO  Environment:317 - HHH000021: Bytecode provider name : javassist
2017-07-19 10:13:12 INFO  Version:66 - HCANN000001: Hibernate Commons Annotations {5.0.1.Final}
2017-07-19 10:13:13 INFO  Dialect:156 - HHH000400: Using dialect: org.hibernate.dialect.MySQLDialect
2017-07-19 10:13:13 INFO  SchemaUpdate:105 - HHH000228: Running hbm2ddl schema update
2017-07-19 10:13:13 INFO  LocalContainerEntityManagerFactoryBean:379 - Initialized JPA EntityManagerFactory for persistence unit 'default'
2017-07-19 10:13:14 INFO  QueryTranslatorFactoryInitiator:47 - HHH000397: Using ASTQueryTranslatorFactory
2017-07-19 10:13:15 INFO  RequestMappingHandlerAdapter:534 - Looking for @ControllerAdvice: org.springframework.boot.context.embedded.AnnotationConfigEmbeddedWebApplicationContext@3272cae: startup date [Wed Jul 19 10:13:09 EEST 2017]; parent: org.springframework.context.annotation.AnnotationConfigApplicationContext@39c92bac
2017-07-19 10:13:15 INFO  RequestMappingHandlerMapping:543 - Mapped "{[/create],methods=[POST]}" onto public org.springframework.http.ResponseEntity<?> com.epam.controllers.UserController.createUser(com.epam.domain.User)
2017-07-19 10:13:15 INFO  RequestMappingHandlerMapping:543 - Mapped "{[/email/{email}],methods=[GET]}" onto public org.springframework.http.ResponseEntity<com.epam.domain.User> com.epam.controllers.UserController.getUserByEmail(java.lang.String)
2017-07-19 10:13:15 INFO  RequestMappingHandlerMapping:543 - Mapped "{[/name/{name}],methods=[GET]}" onto public org.springframework.http.ResponseEntity<java.util.List<com.epam.domain.User>> com.epam.controllers.UserController.getUsersByName(java.lang.String,int,int)
2017-07-19 10:13:15 INFO  RequestMappingHandlerMapping:543 - Mapped "{[/delete/{id}],methods=[POST]}" onto public org.springframework.http.ResponseEntity<?> com.epam.controllers.UserController.deleteUser(long)
2017-07-19 10:13:15 INFO  RequestMappingHandlerMapping:543 - Mapped "{[/update],methods=[POST]}" onto public org.springframework.http.ResponseEntity<?> com.epam.controllers.UserController.updateUser(com.epam.domain.User)
2017-07-19 10:13:15 INFO  RequestMappingHandlerMapping:543 - Mapped "{[/id/{userId}],methods=[GET]}" onto public org.springframework.http.ResponseEntity<com.epam.domain.User> com.epam.controllers.UserController.getUserById(long)
2017-07-19 10:13:15 INFO  RequestMappingHandlerMapping:543 - Mapped "{[/error]}" onto public org.springframework.http.ResponseEntity<java.util.Map<java.lang.String, java.lang.Object>> org.springframework.boot.autoconfigure.web.BasicErrorController.error(javax.servlet.http.HttpServletRequest)
2017-07-19 10:13:15 INFO  RequestMappingHandlerMapping:543 - Mapped "{[/error],produces=[text/html]}" onto public org.springframework.web.servlet.ModelAndView org.springframework.boot.autoconfigure.web.BasicErrorController.errorHtml(javax.servlet.http.HttpServletRequest,javax.servlet.http.HttpServletResponse)
2017-07-19 10:13:15 INFO  SimpleUrlHandlerMapping:362 - Mapped URL path [/webjars/**] onto handler of type [class org.springframework.web.servlet.resource.ResourceHttpRequestHandler]
2017-07-19 10:13:15 INFO  SimpleUrlHandlerMapping:362 - Mapped URL path [/**] onto handler of type [class org.springframework.web.servlet.resource.ResourceHttpRequestHandler]
2017-07-19 10:13:15 INFO  ExceptionHandlerExceptionResolver:273 - Detected @ExceptionHandler methods in generalExceptionHandler
2017-07-19 10:13:15 INFO  SimpleUrlHandlerMapping:362 - Mapped URL path [/**/favicon.ico] onto handler of type [class org.springframework.web.servlet.resource.ResourceHttpRequestHandler]
2017-07-19 10:13:16 WARN  URLConfigurationSource:121 - No URLs will be polled as dynamic configuration sources.
2017-07-19 10:13:16 INFO  URLConfigurationSource:122 - To enable URLs as dynamic configuration sources, define System property archaius.configurationSource.additionalUrls or make config.properties available on classpath.
2017-07-19 10:13:16 WARN  URLConfigurationSource:121 - No URLs will be polled as dynamic configuration sources.
2017-07-19 10:13:16 INFO  URLConfigurationSource:122 - To enable URLs as dynamic configuration sources, define System property archaius.configurationSource.additionalUrls or make config.properties available on classpath.
2017-07-19 10:13:16 INFO  AnnotationMBeanExporter:431 - Registering beans for JMX exposure on startup
2017-07-19 10:13:16 INFO  AnnotationMBeanExporter:916 - Bean with name 'dataSource' has been autodetected for JMX exposure
2017-07-19 10:13:16 INFO  AnnotationMBeanExporter:916 - Bean with name 'environmentManager' has been autodetected for JMX exposure
2017-07-19 10:13:16 INFO  AnnotationMBeanExporter:916 - Bean with name 'configurationPropertiesRebinder' has been autodetected for JMX exposure
2017-07-19 10:13:16 INFO  AnnotationMBeanExporter:916 - Bean with name 'refreshScope' has been autodetected for JMX exposure
2017-07-19 10:13:16 INFO  AnnotationMBeanExporter:678 - Located managed bean 'environmentManager': registering with JMX server as MBean [org.springframework.cloud.context.environment:name=environmentManager,type=EnvironmentManager]
2017-07-19 10:13:16 INFO  AnnotationMBeanExporter:678 - Located managed bean 'refreshScope': registering with JMX server as MBean [org.springframework.cloud.context.scope.refresh:name=refreshScope,type=RefreshScope]
2017-07-19 10:13:16 INFO  AnnotationMBeanExporter:678 - Located managed bean 'configurationPropertiesRebinder': registering with JMX server as MBean [org.springframework.cloud.context.properties:name=configurationPropertiesRebinder,context=3272cae,type=ConfigurationPropertiesRebinder]
2017-07-19 10:13:16 INFO  AnnotationMBeanExporter:671 - Located MBean 'dataSource': registering with JMX server as MBean [com.zaxxer.hikari:name=dataSource,type=HikariDataSource]
2017-07-19 10:13:16 INFO  DefaultLifecycleProcessor:343 - Starting beans in phase 0
2017-07-19 10:13:16 INFO  InstanceInfoFactory:70 - Setting initial instance status as: STARTING
2017-07-19 10:13:16 INFO  DiscoveryClient:344 - Initializing Eureka in region us-east-1
2017-07-19 10:13:17 INFO  DiscoveryJerseyProvider:70 - Using JSON encoding codec LegacyJacksonJson
2017-07-19 10:13:17 INFO  DiscoveryJerseyProvider:71 - Using JSON decoding codec LegacyJacksonJson
2017-07-19 10:13:17 INFO  DiscoveryJerseyProvider:80 - Using XML encoding codec XStreamXml
2017-07-19 10:13:17 INFO  DiscoveryJerseyProvider:81 - Using XML decoding codec XStreamXml
2017-07-19 10:13:17 INFO  ConfigClusterResolver:43 - Resolving eureka endpoints via configuration
2017-07-19 10:13:17 INFO  DiscoveryClient:920 - Disable delta property : false
2017-07-19 10:13:17 INFO  DiscoveryClient:921 - Single vip registry refresh property : null
2017-07-19 10:13:17 INFO  DiscoveryClient:922 - Force full registry fetch : false
2017-07-19 10:13:17 INFO  DiscoveryClient:923 - Application is null : false
2017-07-19 10:13:17 INFO  DiscoveryClient:924 - Registered Applications size is zero : true
2017-07-19 10:13:17 INFO  DiscoveryClient:926 - Application version is -1: true
2017-07-19 10:13:17 INFO  DiscoveryClient:1009 - Getting all instance registry info from the eureka server
2017-07-19 10:13:17 INFO  DiscoveryClient:1018 - The response status is 200
2017-07-19 10:13:17 INFO  DiscoveryClient:1244 - Starting heartbeat executor: renew interval is: 30
2017-07-19 10:13:17 INFO  InstanceInfoReplicator:59 - InstanceInfoReplicator onDemand update allowed rate per min is 4
2017-07-19 10:13:17 INFO  DiscoveryClient:425 - Discovery Client initialized at timestamp 1500448397807 with initial instances count: 2
2017-07-19 10:13:17 INFO  EurekaServiceRegistry:40 - Registering application user-service with eureka with status UP
2017-07-19 10:13:17 INFO  DiscoveryClient:1279 - Saw local status change event StatusChangeEvent [timestamp=1500448397882, current=UP, previous=STARTING]
2017-07-19 10:13:17 INFO  DiscoveryClient:795 - DiscoveryClient_USER-SERVICE/EPUAKHAW0678.kyiv.epam.com:user-service:8072: registering service...
2017-07-19 10:13:17 INFO  DiscoveryClient:804 - DiscoveryClient_USER-SERVICE/EPUAKHAW0678.kyiv.epam.com:user-service:8072 - registration status: 204
2017-07-19 10:13:17 INFO  TomcatEmbeddedServletContainer:198 - Tomcat started on port(s): 8072 (http)
2017-07-19 10:13:17 INFO  EurekaAutoServiceRegistration:117 - Updating port to 8072
2017-07-19 10:13:17 INFO  UserServiceApplication:57 - Started UserServiceApplication in 9.651 seconds (JVM running for 13.551)
